"../../../Engine/Content/EditorResources/S_Actor.uasset" 0
"../../../Engine/Content/EditorResources/S_Emitter.uasset" 1
"../../../Engine/Content/EngineFonts/Roboto.uasset" 2
"../../../Engine/Content/Functions/Engine_MaterialFunctions01/Shading/PowerToRoughness.uasset" 3
"../../../Engine/Content/EngineMaterials/DefaultDiffuse.uasset" 4
"../../../Engine/Content/EngineMaterials/DefaultDeferredDecalMaterial.uasset" 5
"../../../Engine/Content/EngineMaterials/DefaultLightFunctionMaterial.uasset" 6
"../../../Engine/Content/Functions/Engine_MaterialFunctions02/Utility/BreakOutFloat2Components.uasset" 7
"../../../Engine/Content/EngineMaterials/DefaultPostProcessMaterial.uasset" 8
"../../../Engine/Content/EngineResources/DefaultTexture.uasset" 9
"../../../Engine/Content/Functions/Engine_MaterialFunctions01/Texturing/ScaleUVsByCenter.uasset" 10
"../../../Engine/Content/Functions/Engine_MaterialFunctions02/ScreenResolution.uasset" 11
"../../../Engine/Content/Functions/Engine_MaterialFunctions02/Texturing/ScreenAlignedUVs.uasset" 12
"../../../Engine/Content/EngineResources/WhiteSquareTexture.uasset" 13
"../../../Engine/Content/EngineMaterials/Widget3DPassThrough.uasset" 14
"../../../Engine/Content/EngineMaterials/Widget3DPassThrough_Translucent.uasset" 15
"../../../Engine/Content/EngineMaterials/Widget3DPassThrough_Translucent_OneSided.uasset" 16
"../../../Engine/Content/EngineMaterials/Widget3DPassThrough_Opaque.uasset" 17
"../../../Engine/Content/EngineMaterials/Widget3DPassThrough_Opaque_OneSided.uasset" 18
"../../../Engine/Content/EngineMaterials/Widget3DPassThrough_Masked.uasset" 19
"../../../Engine/Content/EngineMaterials/Widget3DPassThrough_Masked_OneSided.uasset" 20
"../../../Engine/Content/EditorResources/S_LevelSequence.uasset" 21
"../../../Engine/Content/EditorResources/Bad.uasset" 22
"../../../Engine/Content/EditorMeshes/EditorCube.uasset" 23
"../../../Engine/Content/EditorMeshes/EditorSphere.uasset" 24
"../../../Engine/Content/EditorMeshes/EditorPlane.uasset" 25
"../../../Engine/Content/EditorMeshes/EditorCylinder.uasset" 26
"../../../Engine/Content/Maps/Templates/Thumbnails/Default.uasset" 27
"../../../Engine/Content/EditorMaterials/Thumbnails/SkySphereMaterial.uasset" 28
"../../../Engine/Content/EditorMeshes/EditorSkySphere.uasset" 29
"../../../Engine/Content/EngineMaterials/Grid.uasset" 30
"../../../Engine/Content/EditorMaterials/Thumbnails/FloorPlaneMaterial.uasset" 31
"../../../Engine/Content/MapTemplates/Sky/DaylightAmbientCubemap.uasset" 32
"../../../Engine/Content/EditorMaterials/ParticleSystems/PSysThumbnail_NoImage.uasset" 33
"../../../Engine/Content/EditorMaterials/ParticleSystems/PSysThumbnail_OOD.uasset" 34
"../../../Engine/Content/EditorResources/S_DecalActorIcon.uasset" 35
"../../../Engine/Content/EditorLandscapeResources/LandscapeGizmo_Mat.uasset" 36
"../../../Engine/Content/EditorLandscapeResources/LandscapeGizmo_Mat_Copied.uasset" 37
"../../../Engine/Content/EditorLandscapeResources/LandscapeGizmoHeight_Mat.uasset" 38
"../../../Engine/Content/EditorLandscapeResources/DataLayer.uasset" 39
"../../../Engine/Content/EditorResources/S_Terrain.uasset" 40
"../../../Engine/Content/EditorLandscapeResources/SplineEditorMeshMat.uasset" 41
"../../../Engine/Content/EditorLandscapeResources/SplineEditorMesh.uasset" 42
"../../../Engine/Content/EditorResources/MatineeCam_D.uasset" 43
"../../../Engine/Content/EditorMaterials/MatineeCam_mat.uasset" 44
"../../../Engine/Content/EditorMeshes/MatineeCam_SM.uasset" 45
"../../../Engine/Content/Functions/Engine_MaterialFunctions02/Utility/Sign.uasset" 46
"../../../Engine/Content/Functions/Engine_MaterialFunctions02/Utility/Round.uasset" 47
"../../../Engine/Content/Functions/Engine_MaterialFunctions02/ExampleContent/Textures/flipbook.uasset" 48
"../../../Engine/Content/Functions/Engine_MaterialFunctions02/Texturing/FlipBook.uasset" 49
"../../../Engine/Content/EditorResources/T_EditorHelp.uasset" 50
"../../../Engine/Content/EditorMaterials/HelpActorMaterial.uasset" 51
"../../../Engine/Content/EditorResources/S_ExpoHeightFog.uasset" 52
"../../../Engine/Content/EditorResources/S_NavP.uasset" 53
"../../../Engine/Content/EditorResources/S_Player.uasset" 54
"../../../Engine/Content/EditorResources/LightIcons/SkyLight.uasset" 55
"../../../Engine/Content/EditorResources/S_WindDirectional.uasset" 56
"../../../Engine/Content/EngineDamageTypes/DmgTypeBP_Environmental.uasset" 57
"../../../Engine/Content/EditorResources/LightIcons/S_LightDirectional.uasset" 58
"../../../Engine/Content/EditorResources/LightIcons/S_LightDirectionalMove.uasset" 59
"../../../Engine/Content/EditorResources/LightIcons/S_LightPoint.uasset" 60
"../../../Engine/Content/EditorResources/LightIcons/S_LightPointMove.uasset" 61
"../../../Engine/Content/EditorResources/LightIcons/S_LightSpot.uasset" 62
"../../../Engine/Content/EditorResources/LightIcons/S_LightSpotMove.uasset" 63
"../../../Engine/Content/EditorResources/S_PortalActorIcon2.uasset" 64
"../../../Engine/Content/EditorResources/MatInstActSprite.uasset" 65
"../../../Engine/Content/EditorResources/SceneManager.uasset" 66
"../../../Engine/Content/EditorResources/AI/S_NavLink.uasset" 67
"../../../Engine/Content/EditorResources/S_Note.uasset" 68
"../../../Engine/Content/EngineMeshes/Sphere.uasset" 69
"../../../Engine/Content/EditorResources/S_ReflActorIcon.uasset" 70
"../../../Engine/Content/EditorResources/S_Thruster.uasset" 71
"../../../Engine/Content/EditorResources/S_RadForce.uasset" 72
"../../../Engine/Content/EditorMaterials/TargetIcon.uasset" 73
"../../../Engine/Content/EngineFonts/RobotoDistanceField.uasset" 74
"../../../Engine/Content/EngineMaterials/DefaultTextMaterialOpaque.uasset" 75
"../../../Engine/Content/EditorResources/S_TextRenderActorIcon.uasset" 76
"../../../Engine/Content/EditorResources/S_Trigger.uasset" 77
"../../../Engine/Content/EditorResources/S_VectorFieldVol.uasset" 78
"../../../Engine/Content/EngineResources/GradientTexture0.uasset" 79
"../../../Engine/Content/EngineResources/Black.uasset" 80
"../../../Engine/Content/EditorMaterials/MatineeGroups/MAT_Groups_Float.uasset" 81
"../../../Engine/Content/EditorMaterials/MatineeGroups/MAT_Groups_Director.uasset" 82
"../../../Engine/Content/EditorMaterials/MatineeGroups/MAT_Groups_Event.uasset" 83
"../../../Engine/Content/EditorMaterials/MatineeGroups/MAT_Groups_Anim.uasset" 84
"../../../Engine/Content/EditorMaterials/MatineeGroups/MAT_Groups_Fade.uasset" 85
"../../../Engine/Content/EditorMaterials/MatineeGroups/MAT_Groups_Move.uasset" 86
"../../../Engine/Content/EditorMaterials/MatineeGroups/MAT_Groups_Slomo.uasset" 87
"../../../Engine/Content/EditorMaterials/MatineeGroups/MAT_ColorTrack.uasset" 88
"../../../Engine/Content/EditorMaterials/MAT_Groups_Toggle.uasset" 89
"../../../Engine/Content/EditorMaterials/MatineeGroups/MAT_Groups_AudioMaster.uasset" 90
"../../../Engine/Content/EditorMaterials/MatineeGroups/MAT_Groups_Sound.uasset" 91
"../../../Engine/Content/EditorMaterials/MatineeGroups/MAT_Groups_Vector.uasset" 92
"../../../Engine/Content/EditorMaterials/MAT_Groups_Visibility.uasset" 93
"../../../Engine/Content/EngineResources/DefaultTextureCube.uasset" 94
"../../../Engine/Content/Functions/Engine_MaterialFunctions01/Opacity/CameraDepthFade.uasset" 95
"../../../Engine/Content/EngineMaterials/T_Default_Material_Grid_M.uasset" 96
"../../../Engine/Content/EngineMaterials/T_Default_Material_Grid_N.uasset" 97
"../../../Engine/Content/EngineMaterials/DefaultMaterial.uasset" 98
"../../../Engine/Content/EngineMeshes/Cylinder.uasset" 99
"../../../Engine/Content/EngineTireTypes/DefaultTireType.uasset" 100
"../../../Engine/Content/EditorResources/S_FTest.uasset" 101
"../../../Engine/Plugins/2D/Paper2D/Content/PlaceholderTextures/DummySpriteTexture.uasset" 102
"../../../Engine/Plugins/2D/Paper2D/Content/DefaultSpriteMaterial.uasset" 103
"../../../Engine/Plugins/2D/Paper2D/Content/MaskedUnlitSpriteMaterial.uasset" 104
"../../../Engine/Plugins/2D/Paper2D/Content/OpaqueUnlitSpriteMaterial.uasset" 105
"../../../Engine/Plugins/2D/Paper2D/Content/DummySprite.uasset" 106
"../../../Engine/Plugins/2D/Paper2D/Content/DefaultPaperTerrainMaterial.uasset" 107
"../../../Engine/Content/EditorSounds/Notifications/CompileSuccess.uasset" 108
"../../../Engine/Content/EditorSounds/Notifications/CompileStart_Cue.uasset" 109
"../../../Engine/Content/EditorSounds/Notifications/CompileSuccess_Cue.uasset" 110
"../../../Engine/Content/EditorSounds/Notifications/CompileFailed.uasset" 111
"../../../Engine/Content/EditorSounds/Notifications/CompileFailed_Cue.uasset" 112
"../../../Engine/Content/BufferVisualization/BaseColor.uasset" 113
"../../../Engine/Content/BufferVisualization/CustomDepth.uasset" 114
"../../../Engine/Content/Functions/Engine_MaterialFunctions02/Utility/MakeFloat2.uasset" 115
"../../../Engine/Content/Functions/Engine_MaterialFunctions02/Utility/MakeFloat3.uasset" 116
"../../../Engine/Content/EngineMaterials/MiniFont.uasset" 117
"../../../Engine/Content/BufferVisualization/CustomStencil.uasset" 118
"../../../Engine/Content/BufferVisualization/FinalImage.uasset" 119
"../../../Engine/Content/BufferVisualization/LightingModel.uasset" 120
"../../../Engine/Content/BufferVisualization/MaterialAO.uasset" 121
"../../../Engine/Content/BufferVisualization/Metallic.uasset" 122
"../../../Engine/Content/BufferVisualization/Opacity.uasset" 123
"../../../Engine/Content/BufferVisualization/Roughness.uasset" 124
"../../../Engine/Content/BufferVisualization/SceneColor.uasset" 125
"../../../Engine/Content/BufferVisualization/SceneDepth.uasset" 126
"../../../Engine/Content/BufferVisualization/SeparateTranslucencyRGB.uasset" 127
"../../../Engine/Content/BufferVisualization/SeparateTranslucencyA.uasset" 128
"../../../Engine/Content/BufferVisualization/Specular.uasset" 129
"../../../Engine/Content/BufferVisualization/SubsurfaceColor.uasset" 130
"../../../Engine/Content/BufferVisualization/WorldNormal.uasset" 131
"../../../Engine/Content/EngineMaterials/DefaultPhysicalMaterial.uasset" 132
"../../../Engine/Content/BufferVisualization/AmbientOcclusion.uasset" 133
"../../../Engine/Content/Functions/Engine_MaterialFunctions02/Utility/VectorLength.uasset" 134
"../../../Engine/Content/BufferVisualization/CustomDepthWorldUnits.uasset" 135
"../../../Engine/Content/BufferVisualization/SceneDepthWorldUnits.uasset" 136
"../../../Engine/Content/BufferVisualization/HDRColor.uasset" 137
"../../../Engine/Content/EngineMaterials/HighResolutionScreenshotMaskFunction.uasset" 138
"../../../Engine/Content/EngineMaterials/HighResScreenshot.uasset" 139
"../../../Engine/Content/EngineMaterials/HighResScreenshotMask.uasset" 140
"../../../Engine/Content/EngineMaterials/HighResScreenshotCaptureRegion.uasset" 141
"../../../Engine/Content/EngineDebugMaterials/WireframeMaterial.uasset" 142
"../../../Engine/Content/Functions/Engine_MaterialFunctions01/Shading/ConvertFromDiffSpec.uasset" 143
"../../../Engine/Content/EngineDebugMaterials/LevelColorationLitMaterial.uasset" 144
"../../../Engine/Content/EngineDebugMaterials/LevelColorationUnlitMaterial.uasset" 145
"../../../Engine/Content/EngineMaterials/DefaultWhiteGrid.uasset" 146
"../../../Engine/Content/EngineDebugMaterials/MAT_LevelColorationLitLightmapUV.uasset" 147
"../../../Engine/Content/EngineDebugMaterials/ShadedLevelColorationLitMaterial.uasset" 148
"../../../Engine/Content/EngineDebugMaterials/ShadedLevelColorationUnlitMateri.uasset" 149
"../../../Engine/Content/EngineDebugMaterials/VertexColorMaterial.uasset" 150
"../../../Engine/Content/EngineDebugMaterials/VertexColorViewMode_ColorOnly.uasset" 151
"../../../Engine/Content/EngineDebugMaterials/VertexColorViewMode_AlphaAsColor.uasset" 152
"../../../Engine/Content/EngineDebugMaterials/VertexColorViewMode_RedOnly.uasset" 153
"../../../Engine/Content/EngineDebugMaterials/VertexColorViewMode_GreenOnly.uasset" 154
"../../../Engine/Content/EngineDebugMaterials/VertexColorViewMode_BlueOnly.uasset" 155
"../../../Engine/Content/EngineMaterials/RemoveSurfaceMaterial.uasset" 156
"../../../Engine/Content/EngineDebugMaterials/DebugMeshMaterial.uasset" 157
"../../../Engine/Content/EngineMaterials/InvalidLightmapSettings.uasset" 158
"../../../Engine/Content/EngineMaterials/M_InvalidLightmapSettings.uasset" 159
"../../../Engine/Content/EditorMaterials/GizmoMaterial.uasset" 160
"../../../Engine/Content/EngineDebugMaterials/GeomMaterial.uasset" 161
"../../../Engine/Content/EngineMaterials/EditorBrushMaterial.uasset" 162
"../../../Engine/Content/EngineDebugMaterials/HeatmapGradient.uasset" 163
"../../../Engine/Content/EngineDebugMaterials/BoneWeightMaterial.uasset" 164
"../../../Engine/Content/EditorMaterials/PreviewShadowIndicator.uasset" 165
"../../../Engine/Content/EditorMaterials/PreviewShadowIndicatorMaterial.uasset" 166
"../../../Engine/Content/EditorMaterials/PhAT_JointLimitMaterial.uasset" 167
"../../../Engine/Content/EditorResources/BSPVertex.uasset" 168
"../../../Engine/Content/EngineMaterials/Good64x64TilingNoiseHighFreq.uasset" 169
"../../../Engine/Content/EngineMaterials/DefaultBokeh.uasset" 170
"../../../Engine/Content/EngineMaterials/PreintegratedSkinBRDF.uasset" 171
"../../../Engine/Content/EngineMaterials/WeightMapPlaceholderTexture.uasset" 172
"../../../Engine/Content/EngineFonts/RobotoTiny.uasset" 173
"../../../Engine/Content/EngineResources/AICON-Red.uasset" 174
"../../../Engine/Content/EngineResources/AICON-Green.uasset" 175
"../../../Engine/Content/Tutorial/BlueprintTutorials/TutorialAssets/Blueprint_64x.uasset" 176
"../../../Engine/Content/Tutorial/ContentIntroCurve.uasset" 177
"../../../Engine/Content/EditorMaterials/Cross.uasset" 178
"../../../Engine/Content/EditorMaterials/Cross_Mat.uasset" 179
"../../../Engine/Content/EditorMaterials/PhAT_BoneSelectedMaterial.uasset" 180
"../../../Engine/Content/EditorMaterials/PhAT_ElemSelectedMaterial.uasset" 181
"../../../Engine/Content/EditorMaterials/PhAT_NoCollisionMaterial.uasset" 182
"../../../Engine/Content/EditorMaterials/PhAT_UnselectedMaterial.uasset" 183
"../../../Engine/Content/EditorMaterials/Tick.uasset" 184
"../../../Engine/Content/EditorMaterials/Tick_Mat.uasset" 185
"../../../Engine/Content/EditorMaterials/WidgetGridVertexColorMaterial.uasset" 186
"../../../Engine/Content/EditorMaterials/WidgetGridVertexColorMaterial_Ma.uasset" 187
"../../../Engine/Content/EditorMaterials/WidgetMaterial.uasset" 188
"../../../Engine/Content/EditorMaterials/WidgetMaterial_Current.uasset" 189
"../../../Engine/Content/EditorMaterials/WidgetMaterial_X.uasset" 190
"../../../Engine/Content/EditorMaterials/WidgetMaterial_Y.uasset" 191
"../../../Engine/Content/EditorMaterials/WidgetMaterial_Z.uasset" 192
"../../../Engine/Content/EditorMaterials/WidgetVertexColorMaterial.uasset" 193
"../../../Engine/Content/EditorMaterials/CompositeARGBLayer.uasset" 194
"../../../Engine/Content/EditorMaterials/TilingAALineIntegral.uasset" 195
"../../../Engine/Content/EditorMaterials/TilingAALineBoxFiltered.uasset" 196
"../../../Engine/Content/Functions/Engine_MaterialFunctions03/Procedurals/ComputeFilterWidth.uasset" 197
"../../../Engine/Content/EditorMaterials/TilingAADots.uasset" 198
"../../../Engine/Content/EditorMaterials/Cascade/CASC_Cross.uasset" 199
"../../../Engine/Content/EditorMaterials/Cascade/CASC_None.uasset" 200
"../../../Engine/Content/Functions/Engine_MaterialFunctions03/Blends/Blend_Screen.uasset" 201
"../../../Engine/Content/EditorMaterials/TilingAAGrid.uasset" 202
"../../../Engine/Content/EditorMaterials/LevelGridMaterial.uasset" 203
"../../../Engine/Content/EditorResources/SmallFont.uasset" 204
"../../../Engine/Content/EditorResources/S_KBSJoint.uasset" 205
"../../../Engine/Content/EditorResources/S_KHinge.uasset" 206
"../../../Engine/Content/EditorResources/S_KPrismatic.uasset" 207
"../../../Engine/Content/EditorResources/LightIcons/S_LightError.uasset" 208
"../../../Engine/Content/EditorResources/Spline/T_Loft_Spline.uasset" 209
"../../../Engine/Content/EngineMaterials/BlinkingCaret.uasset" 210
"../../../Engine/Content/EngineMaterials/DefaultNormal.uasset" 211
"../../../Engine/Content/EngineMaterials/Grid_N.uasset" 212
"../../../Engine/Content/EngineMaterials/LandscapeHolePhysicalMaterial.uasset" 213
"../../../Engine/Content/EngineMaterials/PaperDiffuse.uasset" 214
"../../../Engine/Content/EngineMaterials/PaperNormal.uasset" 215
"../../../Engine/Content/EngineMaterials/PhysMat_Rubber.uasset" 216
"../../../Engine/Content/EngineFonts/SmallFont.uasset" 217
"../../../Engine/Content/EngineFonts/TinyFont.uasset" 218
"../../../Engine/Content/EngineResources/StreamingPauseIcon.uasset" 219
"../../../Engine/Content/EngineResources/M_StreamingPause.uasset" 220
"../../../Engine/Content/EditorLandscapeResources/DefaultAlphaTexture.uasset" 221
"../../../Engine/Content/BasicShapes/Sphere.uasset" 222
"../../../Engine/Content/BasicShapes/Cylinder.uasset" 223
"../../../Engine/Content/BasicShapes/Cone.uasset" 224
"../../../Engine/Content/ArtTools/RenderToTexture/Enums/RenderToTexture_Imposter_Enum.uasset" 225
"../../../Engine/Content/ArtTools/RenderToTexture/Enums/RenderToTexture_Flipbook_Enum.uasset" 226
"../../../Engine/Content/ArtTools/RenderToTexture/Enums/RenderToTexture_Enum.uasset" 227
"../../../Engine/Content/EditorBlueprintResources/ActorMacros.uasset" 228
"../../../Engine/Content/EditorBlueprintResources/StandardMacros.uasset" 229
"../../../Engine/Content/ArtTools/RenderToTexture/Enums/EFloatTypes.uasset" 230
"../../../Engine/Content/ArtTools/RenderToTexture/Enums/EIntTypes.uasset" 231
"../../../Engine/Content/ArtTools/RenderToTexture/Macros/RenderToTextureMacros.uasset" 232
"../../../Engine/Content/EditorSounds/GamePreview/EndPlayInEditor.uasset" 233
"../../../Engine/Content/EditorSounds/GamePreview/EndPlayInEditor_Cue.uasset" 234
"../../../RandomTestProject/Content/FirstPerson/Character/Mesh/SK_Mannequin_Arms_Skeleton.uasset" 235
"../../../RandomTestProject/Content/FirstPerson/Animations/FirstPerson_Idle.uasset" 236
"../../../RandomTestProject/Content/FirstPerson/Animations/FirstPerson_JumpEnd.uasset" 237
"../../../RandomTestProject/Content/FirstPerson/Animations/FirstPerson_JumpLoop.uasset" 238
"../../../RandomTestProject/Content/FirstPerson/Animations/FirstPerson_JumpStart.uasset" 239
"../../../RandomTestProject/Content/FirstPerson/Animations/FirstPerson_Run.uasset" 240
"../../../RandomTestProject/Content/FirstPerson/Animations/FirstPerson_AnimBP.uasset" 241
"../../../RandomTestProject/Content/FirstPerson/Animations/FirstPerson_Fire.uasset" 242
"../../../RandomTestProject/Content/FirstPerson/Animations/FirstPersonFire_Montage.uasset" 243
"../../../RandomTestProject/Content/FirstPerson/Meshes/BaseMaterial.uasset" 244
"../../../RandomTestProject/Content/FirstPerson/Meshes/FirstPersonProjectileMaterial.uasset" 245
"../../../RandomTestProject/Content/FirstPerson/Meshes/FirstPersonProjectileMesh.uasset" 246
"../../../RandomTestProject/Content/FirstPersonBP/Blueprints/FirstPersonProjectile.uasset" 247
"../../../RandomTestProject/Content/FirstPerson/Audio/FirstPersonTemplateWeaponFire02.uasset" 248
"../../../Engine/Content/Functions/Engine_MaterialFunctions02/Utility/BlendAngleCorrectedNormals.uasset" 249
"../../../Engine/Content/Functions/MaterialLayerFunctions/MatLayerBlend_NormalBlend.uasset" 250
"../../../Engine/Content/Functions/MaterialLayerFunctions/MatLayerBlend_Simple.uasset" 251
"../../../RandomTestProject/Content/FirstPerson/Character/Materials/MaterialLayers/T_ML_Rubber_Blue_01_D.uasset" 252
"../../../RandomTestProject/Content/FirstPerson/Character/Materials/MaterialLayers/T_ML_Rubber_Blue_01_N.uasset" 253
"../../../RandomTestProject/Content/FirstPerson/Character/Materials/MaterialLayers/ML_GlossyBlack_Latex_UE4.uasset" 254
"../../../RandomTestProject/Content/FirstPerson/Character/Materials/MaterialLayers/ML_Plastic_Shiny_Beige.uasset" 255
"../../../RandomTestProject/Content/FirstPerson/Character/Textures/UE4_LOGO_CARD.uasset" 256
"../../../RandomTestProject/Content/FirstPerson/Character/Materials/MaterialLayers/ML_Plastic_Shiny_Beige_LOGO.uasset" 257
"../../../RandomTestProject/Content/FirstPerson/Character/Materials/MaterialLayers/T_ML_Aluminum01.uasset" 258
"../../../RandomTestProject/Content/FirstPerson/Character/Materials/MaterialLayers/T_ML_Aluminum01_N.uasset" 259
"../../../RandomTestProject/Content/FirstPerson/Character/Materials/MaterialLayers/ML_SoftMetal_UE4.uasset" 260
"../../../RandomTestProject/Content/FirstPerson/Character/Textures/UE4_Mannequin__normals.uasset" 261
"../../../RandomTestProject/Content/FirstPerson/Character/Textures/UE4_Mannequin_MAT_MASKA.uasset" 262
"../../../RandomTestProject/Content/FirstPerson/Character/Materials/M_UE4Man_Body.uasset" 263
"../../../RandomTestProject/Content/FirstPerson/Character/Mesh/SK_Mannequin_Arms_PhysicsAsset.uasset" 264
"../../../RandomTestProject/Content/FirstPerson/Character/Mesh/SK_Mannequin_Arms.uasset" 265
"../../../RandomTestProject/Content/FirstPerson/FPWeapon/Materials/MaterialLayers/T_ML_Rubber_Blue_01_D.uasset" 266
"../../../RandomTestProject/Content/FirstPerson/FPWeapon/Materials/MaterialLayers/T_ML_Rubber_Blue_01_N.uasset" 267
"../../../RandomTestProject/Content/FirstPerson/FPWeapon/Materials/MaterialLayers/ML_GlossyBlack_Latex_UE4.uasset" 268
"../../../RandomTestProject/Content/FirstPerson/FPWeapon/Materials/MaterialLayers/ML_Plastic_Shiny_Beige.uasset" 269
"../../../RandomTestProject/Content/FirstPerson/FPWeapon/Materials/MaterialLayers/ML_Screen.uasset" 270
"../../../RandomTestProject/Content/FirstPerson/FPWeapon/Materials/MaterialLayers/T_ML_Aluminum01.uasset" 271
"../../../RandomTestProject/Content/FirstPerson/FPWeapon/Materials/MaterialLayers/T_ML_Aluminum01_N.uasset" 272
"../../../RandomTestProject/Content/FirstPerson/FPWeapon/Materials/MaterialLayers/ML_SoftMetal_UE4.uasset" 273
"../../../RandomTestProject/Content/FirstPerson/FPWeapon/Textures/T_FPGun_M.uasset" 274
"../../../RandomTestProject/Content/FirstPerson/FPWeapon/Textures/T_FPGun_N.uasset" 275
"../../../RandomTestProject/Content/FirstPerson/FPWeapon/Materials/M_FPGun.uasset" 276
"../../../RandomTestProject/Content/FirstPerson/FPWeapon/Mesh/SK_FPGun_Skeleton.uasset" 277
"../../../RandomTestProject/Content/FirstPerson/FPWeapon/Mesh/SK_FPGun.uasset" 278
"../../../RandomTestProject/Content/FirstPersonBP/Blueprints/FirstPersonCharacter.uasset" 279
"../../../RandomTestProject/Content/FirstPerson/Textures/FirstPersonCrosshair.uasset" 280
"../../../RandomTestProject/Content/FirstPersonBP/Blueprints/FirstPersonHUD.uasset" 281
"../../../RandomTestProject/Content/ItemStruct.uasset" 282
"../../../RandomTestProject/Content/MyPlayerController.uasset" 283
"../../../RandomTestProject/Content/FirstPersonBP/Blueprints/FirstPersonGameMode.uasset" 284
"../../../Engine/Content/EditorResources/EmptyActor.uasset" 285
"../../../Engine/Content/EditorSounds/GamePreview/StartPlayInEditor.uasset" 286
"../../../Engine/Content/EditorSounds/GamePreview/StartPlayInEditor_Cue.uasset" 287
"../../../Engine/Content/Tutorial/Basics/TutorialAssets/icon_tab_Levels_40x.uasset" 288
"../../../Engine/Content/EditorMaterials/MakeCompositeARGBLayer.uasset" 289
"../../../Engine/Content/EditorResources/LevelGrid1DStripes.uasset" 290
"../../../Engine/Content/EditorMaterials/TextureGridCascaded1D.uasset" 291
"../../../Engine/Content/EditorMaterials/TextureGridCascaded2D.uasset" 292
"../../../Engine/Content/EditorMaterials/LevelGridMaterial2.uasset" 293
"../../../Engine/Content/ArtTools/RenderToTexture/Macros/RenderToTextureFunctionLibrary.uasset" 294
"../../../Engine/Content/MobileResources/HUD/MobileHUDButton1_on.uasset" 295
"../../../Engine/Content/MobileResources/HUD/MobileHUDDirectionStick.uasset" 296
"../../../Engine/Content/MobileResources/T_MobileMenu2.uasset" 297
"../../../Engine/Content/MobileResources/HUD/VirtualJoystick_Background.uasset" 298
"../../../Engine/Content/MobileResources/HUD/VirtualJoystick_Thumb.uasset" 299
"../../../Engine/Content/MobileResources/HUD/LeftVirtualJoystickOnly.uasset" 300
"../../../Engine/Content/MobileResources/HUD/MobileHUDButton2_on.uasset" 301
"../../../Engine/Content/MobileResources/HUD/MobileHUDDirectionPad2.uasset" 302
"../../../Engine/Content/MobileResources/HUD/T_Castle_ThumbstickOutter.uasset" 303
"../../../Engine/Content/MobileResources/HUD/MobileHUDButtonFire.uasset" 304
"../../../Engine/Content/MobileResources/T_MobileControls_texture.uasset" 305
"../../../Engine/Content/MobileResources/HUD/AnalogHat.uasset" 306
"../../../Engine/Content/MobileResources/HUD/DefaultVirtualJoysticks.uasset" 307
"../../../Engine/Content/MobileResources/HUD/MobileHUDButton1_off.uasset" 308
"../../../Engine/Content/MobileResources/HUD/MobileHUDButton2_off.uasset" 309
"../../../Engine/Content/MobileResources/HUD/MobileHUDButton3.uasset" 310
"../../../Engine/Content/MobileResources/HUD/MobileHUDDirectionPad.uasset" 311
"../../../Engine/Content/MobileResources/HUD/MobileHUDDirectionPad3.uasset" 312
"../../../Engine/Content/MobileResources/HUD/T_Castle_ThumbstickInner.uasset" 313
"../../../Engine/Content/EngineSky/C_Sky_Cloud_Color.uasset" 314
"../../../Engine/Content/EngineSky/C_Sky_Horizon_Color.uasset" 315
"../../../Engine/Content/EngineSky/C_Sky_Zenith_Color.uasset" 316
"../../../Engine/Content/EngineSky/T_Sky_Blue.uasset" 317
"../../../Engine/Content/EngineSky/T_Sky_Clouds_M.uasset" 318
"../../../Engine/Content/EngineSky/T_Sky_Stars.uasset" 319
"../../../Engine/Content/EngineSky/M_Sky_Panning_Clouds2.uasset" 320
"../../../Engine/Content/EngineSky/SM_SkySphere.uasset" 321
"../../../Engine/Content/EngineSky/BP_Sky_Sphere.uasset" 322
"../../../RandomTestProject/Content/MoneyAddedOrRemoved.uasset" 323
"../../../RandomTestProject/Content/TimeStruct.uasset" 324
"../../../RandomTestProject/Content/MoneyLogStruct.uasset" 325
"../../../RandomTestProject/Content/EconomyGameInstance.uasset" 326
"../../../RandomTestProject/Content/MoneyBrick.uasset" 327
"../../../RandomTestProject/Content/Mat_1.uasset" 328
"../../../RandomTestProject/Content/Mat_2.uasset" 329
"../../../RandomTestProject/Content/Money.uasset" 330
"../../../RandomTestProject/Content/MoneyTexture.uasset" 331
"../../../RandomTestProject/Content/Money_Stack.uasset" 332
"../../../RandomTestProject/Content/-10Dollar.uasset" 333
"../../../RandomTestProject/Content/100Dollar.uasset" 334
"../../../RandomTestProject/Content/Coin_Texture.uasset" 335
"../../../RandomTestProject/Content/CoinTexturePart1.uasset" 336
"../../../RandomTestProject/Content/Texture.uasset" 337
"../../../RandomTestProject/Content/CoinTexturePart2.uasset" 338
"../../../RandomTestProject/Content/Coin.uasset" 339
"../../../RandomTestProject/Content/10CentCoin.uasset" 340
"../../../RandomTestProject/Content/10Dollar.uasset" 341
"../../../RandomTestProject/Content/50CentCoin.uasset" 342
"../../../RandomTestProject/Content/50Dollar.uasset" 343
"../../../RandomTestProject/Content/5Dollar.uasset" 344
"../../../Engine/Content/BasicShapes/BasicShapeMaterial.uasset" 345
"../../../Engine/Content/EngineMaterials/WorldGridMaterial.uasset" 346
"../../../Engine/Content/BasicShapes/Cube.uasset" 347
"../../../RandomTestProject/Content/BlockItem.uasset" 348
"../../../RandomTestProject/Content/Randigt.uasset" 349
"../../../RandomTestProject/Content/RandigtMaterial.uasset" 350
"../../../RandomTestProject/Content/Shop_sak.uasset" 351
"../../../RandomTestProject/Content/ShopItemsBuyFunctions.uasset" 352
"../../../RandomTestProject/Content/ShopBuyStruct.uasset" 353
"../../../RandomTestProject/Content/ShopItemsSellFunctions.uasset" 354
"../../../RandomTestProject/Content/ShopSellStruct.uasset" 355
"../../../RandomTestProject/Content/UI/HUD.uasset" 356
"../../../RandomTestProject/Content/UI/ItemText.uasset" 357
"../../../RandomTestProject/Content/UI/ItemBuySlot.uasset" 358
"../../../RandomTestProject/Content/UI/ItemSellSlot.uasset" 359
"../../../RandomTestProject/Content/UI/ShopGUI.uasset" 360
"../../../RandomTestProject/Content/ShopStallBP.uasset" 361
"../../../RandomTestProject/Content/Spawner.uasset" 362
"../../../Engine/Content/EngineMaterials/AntiAliasedTextMaterialTranslucent.uasset" 363
"../../../RandomTestProject/Content/Geometry/Meshes/CubeMaterial.uasset" 364
"../../../RandomTestProject/Content/Geometry/Meshes/1M_Cube.uasset" 365
"../../../RandomTestProject/Content/UI/PreviousPayment.uasset" 366
"../../../RandomTestProject/Content/UI/PreviousPaymentsUI.uasset" 367
"../../../RandomTestProject/Content/FirstPersonBP/Maps/FirstPersonExampleMap.umap" 368
